<?xml version="1.0" encoding="UTF-8"?>
<testsuite name="PhoneBookTest" tests="1" skipped="0" failures="1" errors="0" timestamp="2022-07-30T19:39:09" hostname="DESKTOP-5U6L102" time="54.581">
  <properties/>
  <testcase name="start" classname="PhoneBookTest" time="54.581">
    <failure message="java.lang.AssertionError: Wrong answer in test #1&#10;&#10;Your output should contain 3 times the phrase `500 / 500`&#10;&#10;Please find below the output of your program during this failed test.&#10;&#10;---&#10;&#10;Start searching (linear search)...&#10;Found 500 / 500 entries. Time taken: 0 min. 4 sec. 281 ms.&#10;&#10;Start searching (bubble sort + jump search)...&#10;Found 500 / 500 entries. Time taken: 0 min. 47 sec. 216 ms.&#10;Sorting time: 0 min. 42 sec. 837 ms. - STOPPED, moved to linear search&#10;Searching time: 0 min. 4 sec. 379 ms.&#10;&#10;Start searching (quick sort + binary search)...&#10;Found 42 / 500 entries. Time taken: 0 min. 1 sec. 110 ms.&#10;Sorting time: 0 min. 1 sec. 110 ms.&#10;Searching time: 0 min. 0 sec. 0 ms." type="java.lang.AssertionError">java.lang.AssertionError: Wrong answer in test #1

Your output should contain 3 times the phrase `500 / 500`

Please find below the output of your program during this failed test.

---

Start searching (linear search)...
Found 500 / 500 entries. Time taken: 0 min. 4 sec. 281 ms.

Start searching (bubble sort + jump search)...
Found 500 / 500 entries. Time taken: 0 min. 47 sec. 216 ms.
Sorting time: 0 min. 42 sec. 837 ms. - STOPPED, moved to linear search
Searching time: 0 min. 4 sec. 379 ms.

Start searching (quick sort + binary search)...
Found 42 / 500 entries. Time taken: 0 min. 1 sec. 110 ms.
Sorting time: 0 min. 1 sec. 110 ms.
Searching time: 0 min. 0 sec. 0 ms.
	at org.junit.Assert.fail(Assert.java:88)
	at org.hyperskill.hstest.stage.StageTest.start(StageTest.java:155)
	at java.base/jdk.internal.reflect.NativeMethodAccessorImpl.invoke0(Native Method)
	at java.base/jdk.internal.reflect.NativeMethodAccessorImpl.invoke(NativeMethodAccessorImpl.java:77)
	at java.base/jdk.internal.reflect.DelegatingMethodAccessorImpl.invoke(DelegatingMethodAccessorImpl.java:43)
	at java.base/java.lang.reflect.Method.invoke(Method.java:568)
	at org.junit.runners.model.FrameworkMethod$1.runReflectiveCall(FrameworkMethod.java:50)
	at org.junit.internal.runners.model.ReflectiveCallable.run(ReflectiveCallable.java:12)
	at org.junit.runners.model.FrameworkMethod.invokeExplosively(FrameworkMethod.java:47)
	at org.junit.internal.runners.statements.InvokeMethod.evaluate(InvokeMethod.java:17)
	at org.junit.runners.ParentRunner.runLeaf(ParentRunner.java:325)
	at org.junit.runners.BlockJUnit4ClassRunner.runChild(BlockJUnit4ClassRunner.java:78)
	at org.junit.runners.BlockJUnit4ClassRunner.runChild(BlockJUnit4ClassRunner.java:57)
	at org.junit.runners.ParentRunner$3.run(ParentRunner.java:290)
	at org.junit.runners.ParentRunner$1.schedule(ParentRunner.java:71)
	at org.junit.runners.ParentRunner.runChildren(ParentRunner.java:288)
	at org.junit.runners.ParentRunner.access$000(ParentRunner.java:58)
	at org.junit.runners.ParentRunner$2.evaluate(ParentRunner.java:268)
	at org.junit.runners.ParentRunner.run(ParentRunner.java:363)
	at org.gradle.api.internal.tasks.testing.junit.JUnitTestClassExecutor.runTestClass(JUnitTestClassExecutor.java:110)
	at org.gradle.api.internal.tasks.testing.junit.JUnitTestClassExecutor.execute(JUnitTestClassExecutor.java:58)
	at org.gradle.api.internal.tasks.testing.junit.JUnitTestClassExecutor.execute(JUnitTestClassExecutor.java:38)
	at org.gradle.api.internal.tasks.testing.junit.AbstractJUnitTestClassProcessor.processTestClass(AbstractJUnitTestClassProcessor.java:62)
	at org.gradle.api.internal.tasks.testing.SuiteTestClassProcessor.processTestClass(SuiteTestClassProcessor.java:51)
	at java.base/jdk.internal.reflect.NativeMethodAccessorImpl.invoke0(Native Method)
	at java.base/jdk.internal.reflect.NativeMethodAccessorImpl.invoke(NativeMethodAccessorImpl.java:77)
	at java.base/jdk.internal.reflect.DelegatingMethodAccessorImpl.invoke(DelegatingMethodAccessorImpl.java:43)
	at java.base/java.lang.reflect.Method.invoke(Method.java:568)
	at org.gradle.internal.dispatch.ReflectionDispatch.dispatch(ReflectionDispatch.java:36)
	at org.gradle.internal.dispatch.ReflectionDispatch.dispatch(ReflectionDispatch.java:24)
	at org.gradle.internal.dispatch.ContextClassLoaderDispatch.dispatch(ContextClassLoaderDispatch.java:33)
	at org.gradle.internal.dispatch.ProxyDispatchAdapter$DispatchingInvocationHandler.invoke(ProxyDispatchAdapter.java:94)
	at jdk.proxy1/jdk.proxy1.$Proxy2.processTestClass(Unknown Source)
	at org.gradle.api.internal.tasks.testing.worker.TestWorker$2.run(TestWorker.java:176)
	at org.gradle.api.internal.tasks.testing.worker.TestWorker.executeAndMaintainThreadName(TestWorker.java:129)
	at org.gradle.api.internal.tasks.testing.worker.TestWorker.execute(TestWorker.java:100)
	at org.gradle.api.internal.tasks.testing.worker.TestWorker.execute(TestWorker.java:60)
	at org.gradle.process.internal.worker.child.ActionExecutionWorker.execute(ActionExecutionWorker.java:56)
	at org.gradle.process.internal.worker.child.SystemApplicationClassLoaderWorker.call(SystemApplicationClassLoaderWorker.java:133)
	at org.gradle.process.internal.worker.child.SystemApplicationClassLoaderWorker.call(SystemApplicationClassLoaderWorker.java:71)
	at worker.org.gradle.process.internal.worker.GradleWorkerMain.run(GradleWorkerMain.java:69)
	at worker.org.gradle.process.internal.worker.GradleWorkerMain.main(GradleWorkerMain.java:74)
</failure>
  </testcase>
  <system-out><![CDATA[?[1;31m
Start test 1?[0m
Start searching (linear search)...
Found 500 / 500 entries. Time taken: 0 min. 4 sec. 281 ms.

Start searching (bubble sort + jump search)...
Found 500 / 500 entries. Time taken: 0 min. 47 sec. 216 ms.
Sorting time: 0 min. 42 sec. 837 ms. - STOPPED, moved to linear search
Searching time: 0 min. 4 sec. 379 ms.

Start searching (quick sort + binary search)...
Found 42 / 500 entries. Time taken: 0 min. 1 sec. 110 ms.
Sorting time: 0 min. 1 sec. 110 ms.
]]></system-out>
  <system-err><![CDATA[]]></system-err>
</testsuite>
